[    0.000000] Linux version 4.15.0-159-generic (buildd@lgw01-amd64-055) (gcc version 7.5.0 (Ubuntu 7.5.0-3ubuntu1~18.04)) #167-Ubuntu SMP Tue Sep 21 08:55:05 UTC 2021 (Ubuntu 4.15.0-159.167-generic 4.15.18)
[    0.000000] Command line: BOOT_IMAGE=/boot/vmlinuz-4.15.0-159-generic root=UUID=9ec048ba-a1ef-4711-b78a-de2aeea58283 ro console=tty1 console=ttyS0
[    0.000000] KERNEL supported cpus:
[    0.000000]   Intel GenuineIntel
[    0.000000]   AMD AuthenticAMD
[    0.000000]   Centaur CentaurHauls
[    0.000000] [Firmware Bug]: TSC doesn't count with P0 frequency!
[    0.000000] x86/fpu: Supporting XSAVE feature 0x001: 'x87 floating point registers'
[    0.000000] x86/fpu: Supporting XSAVE feature 0x002: 'SSE registers'
[    0.000000] x86/fpu: Supporting XSAVE feature 0x004: 'AVX registers'
[    0.000000] x86/fpu: xstate_offset[2]:  576, xstate_sizes[2]:  256
[    0.000000] x86/fpu: Enabled xstate features 0x7, context size is 832 bytes, using 'standard' format.
[    0.000000] e820: BIOS-provided physical RAM map:
[    0.000000] BIOS-e820: [mem 0x0000000000000000-0x000000000009fbff] usable
[    0.000000] BIOS-e820: [mem 0x000000000009fc00-0x000000000009ffff] reserved
[    0.000000] BIOS-e820: [mem 0x00000000000f0000-0x00000000000fffff] reserved
[    0.000000] BIOS-e820: [mem 0x0000000000100000-0x00000000dffeffff] usable
[    0.000000] BIOS-e820: [mem 0x00000000dfff0000-0x00000000dfffffff] ACPI data
[    0.000000] BIOS-e820: [mem 0x00000000fec00000-0x00000000fec00fff] reserved
[    0.000000] BIOS-e820: [mem 0x00000000fee00000-0x00000000fee00fff] reserved
[    0.000000] BIOS-e820: [mem 0x00000000fffc0000-0x00000000ffffffff] reserved
[    0.000000] BIOS-e820: [mem 0x0000000100000000-0x000000011fffffff] usable
[    0.000000] NX (Execute Disable) protection: active
[    0.000000] SMBIOS 2.5 present.
[    0.000000] DMI: innotek GmbH VirtualBox/VirtualBox, BIOS VirtualBox 12/01/2006
[    0.000000] Hypervisor detected: KVM
[    0.000000] e820: last_pfn = 0x120000 max_arch_pfn = 0x400000000
[    0.000000] MTRR: Disabled
[    0.000000] x86/PAT: MTRRs disabled, skipping PAT initialization too.
[    0.000000] CPU MTRRs all blank - virtualized system.
[    0.000000] x86/PAT: Configuration [0-7]: WB  WT  UC- UC  WB  WT  UC- UC  
[    0.000000] e820: last_pfn = 0xdfff0 max_arch_pfn = 0x400000000
[    0.000000] found SMP MP-table at [mem 0x0009fff0-0x0009ffff]
[    0.000000] Scanning 1 areas for low memory corruption
[    0.000000] RAMDISK: [mem 0x3581f000-0x36c06fff]
[    0.000000] ACPI: Early table checksum verification disabled
[    0.000000] ACPI: RSDP 0x00000000000E0000 000024 (v02 VBOX  )
[    0.000000] ACPI: XSDT 0x00000000DFFF0030 00003C (v01 VBOX   VBOXXSDT 00000001 ASL  00000061)
[    0.000000] ACPI: FACP 0x00000000DFFF00F0 0000F4 (v04 VBOX   VBOXFACP 00000001 ASL  00000061)
[    0.000000] ACPI: DSDT 0x00000000DFFF0470 002325 (v02 VBOX   VBOXBIOS 00000002 INTL 20100528)
[    0.000000] ACPI: FACS 0x00000000DFFF0200 000040
[    0.000000] ACPI: FACS 0x00000000DFFF0200 000040
[    0.000000] ACPI: APIC 0x00000000DFFF0240 00005C (v02 VBOX   VBOXAPIC 00000001 ASL  00000061)
[    0.000000] ACPI: SSDT 0x00000000DFFF02A0 0001CC (v01 VBOX   VBOXCPUT 00000002 INTL 20100528)
[    0.000000] ACPI: Reserving FACP table memory at [mem 0xdfff00f0-0xdfff01e3]
[    0.000000] ACPI: Reserving DSDT table memory at [mem 0xdfff0470-0xdfff2794]
[    0.000000] ACPI: Reserving FACS table memory at [mem 0xdfff0200-0xdfff023f]
[    0.000000] ACPI: Reserving FACS table memory at [mem 0xdfff0200-0xdfff023f]
[    0.000000] ACPI: Reserving APIC table memory at [mem 0xdfff0240-0xdfff029b]
[    0.000000] ACPI: Reserving SSDT table memory at [mem 0xdfff02a0-0xdfff046b]
[    0.000000] No NUMA configuration found
[    0.000000] Faking a node at [mem 0x0000000000000000-0x000000011fffffff]
[    0.000000] NODE_DATA(0) allocated [mem 0x11ffd1000-0x11fffbfff]
[    0.000000] kvm-clock: cpu 0, msr 1:1ff50001, primary cpu clock
[    0.000000] kvm-clock: Using msrs 4b564d01 and 4b564d00
[    0.000000] kvm-clock: using sched offset of 3345855247 cycles
[    0.000000] clocksource: kvm-clock: mask: 0xffffffffffffffff max_cycles: 0x1cd42e4dffb, max_idle_ns: 881590591483 ns
[    0.000000] Zone ranges:
[    0.000000]   DMA      [mem 0x0000000000001000-0x0000000000ffffff]
[    0.000000]   DMA32    [mem 0x0000000001000000-0x00000000ffffffff]
[    0.000000]   Normal   [mem 0x0000000100000000-0x000000011fffffff]
[    0.000000]   Device   empty
[    0.000000] Movable zone start for each node
[    0.000000] Early memory node ranges
[    0.000000]   node   0: [mem 0x0000000000001000-0x000000000009efff]
[    0.000000]   node   0: [mem 0x0000000000100000-0x00000000dffeffff]
[    0.000000]   node   0: [mem 0x0000000100000000-0x000000011fffffff]
[    0.000000] Reserved but unavailable: 104 pages
[    0.000000] Initmem setup node 0 [mem 0x0000000000001000-0x000000011fffffff]
[    0.000000] ACPI: PM-Timer IO Port: 0x4008
[    0.000000] IOAPIC[0]: apic_id 2, version 32, address 0xfec00000, GSI 0-23
[    0.000000] ACPI: INT_SRC_OVR (bus 0 bus_irq 0 global_irq 2 dfl dfl)
[    0.000000] ACPI: INT_SRC_OVR (bus 0 bus_irq 9 global_irq 9 low level)
[    0.000000] Using ACPI (MADT) for SMP configuration information
[    0.000000] smpboot: Allowing 2 CPUs, 0 hotplug CPUs
[    0.000000] PM: Registered nosave memory: [mem 0x00000000-0x00000fff]
[    0.000000] PM: Registered nosave memory: [mem 0x0009f000-0x0009ffff]
[    0.000000] PM: Registered nosave memory: [mem 0x000a0000-0x000effff]
[    0.000000] PM: Registered nosave memory: [mem 0x000f0000-0x000fffff]
[    0.000000] PM: Registered nosave memory: [mem 0xdfff0000-0xdfffffff]
[    0.000000] PM: Registered nosave memory: [mem 0xe0000000-0xfebfffff]
[    0.000000] PM: Registered nosave memory: [mem 0xfec00000-0xfec00fff]
[    0.000000] PM: Registered nosave memory: [mem 0xfec01000-0xfedfffff]
[    0.000000] PM: Registered nosave memory: [mem 0xfee00000-0xfee00fff]
[    0.000000] PM: Registered nosave memory: [mem 0xfee01000-0xfffbffff]
[    0.000000] PM: Registered nosave memory: [mem 0xfffc0000-0xffffffff]
[    0.000000] e820: [mem 0xe0000000-0xfebfffff] available for PCI devices
[    0.000000] Booting paravirtualized kernel on KVM
[    0.000000] clocksource: refined-jiffies: mask: 0xffffffff max_cycles: 0xffffffff, max_idle_ns: 7645519600211568 ns
[    0.000000] random: get_random_bytes called from start_kernel+0x99/0x500 with crng_init=0
[    0.000000] setup_percpu: NR_CPUS:8192 nr_cpumask_bits:2 nr_cpu_ids:2 nr_node_ids:1
[    0.000000] percpu: Embedded 45 pages/cpu s147456 r8192 d28672 u1048576
[    0.000000] PV qspinlock hash table entries: 256 (order: 0, 4096 bytes)
[    0.000000] Built 1 zonelists, mobility grouping on.  Total pages: 1032057
[    0.000000] Policy zone: Normal
[    0.000000] Kernel command line: BOOT_IMAGE=/boot/vmlinuz-4.15.0-159-generic root=UUID=9ec048ba-a1ef-4711-b78a-de2aeea58283 ro console=tty1 console=ttyS0
[    0.000000] Memory: 4012460K/4193848K available (12300K kernel code, 2483K rwdata, 4320K rodata, 2448K init, 2724K bss, 181388K reserved, 0K cma-reserved)
[    0.000000] SLUB: HWalign=64, Order=0-3, MinObjects=0, CPUs=2, Nodes=1
[    0.000000] ftrace: allocating 39471 entries in 155 pages
[    0.004000] Hierarchical RCU implementation.
[    0.004000] 	RCU restricting CPUs from NR_CPUS=8192 to nr_cpu_ids=2.
[    0.004000] 	Tasks RCU enabled.
[    0.004000] RCU: Adjusting geometry for rcu_fanout_leaf=16, nr_cpu_ids=2
[    0.004000] NR_IRQS: 524544, nr_irqs: 440, preallocated irqs: 16
[    0.004000] Console: colour VGA+ 80x25
[    0.004000] console [tty1] enabled
[    0.004000] console [ttyS0] enabled
[    0.004000] ACPI: Core revision 20170831
[    0.004000] ACPI: 2 ACPI AML tables successfully acquired and loaded
[    0.004000] APIC: Switch to symmetric I/O mode setup
[    0.004000] x2apic enabled
[    0.004000] Switched APIC routing to physical x2apic.
[    0.004000] ..TIMER: vector=0x30 apic1=0 pin1=2 apic2=-1 pin2=-1
[    0.004000] tsc: Detected 2894.562 MHz processor
[    0.004000] Calibrating delay loop (skipped) preset value.. 5789.12 BogoMIPS (lpj=11578248)
[    0.004000] pid_max: default: 32768 minimum: 301
[    0.004000] Security Framework initialized
[    0.004000] Yama: becoming mindful.
[    0.004000] AppArmor: AppArmor initialized
[    0.004000] Dentry cache hash table entries: 524288 (order: 10, 4194304 bytes)
[    0.004000] Inode-cache hash table entries: 262144 (order: 9, 2097152 bytes)
[    0.004000] Mount-cache hash table entries: 8192 (order: 4, 65536 bytes)
[    0.004000] Mountpoint-cache hash table entries: 8192 (order: 4, 65536 bytes)
[    0.004000] Last level iTLB entries: 4KB 1024, 2MB 1024, 4MB 512
[    0.004000] Last level dTLB entries: 4KB 2048, 2MB 2048, 4MB 1024, 1GB 0
[    0.004000] Spectre V1 : Mitigation: usercopy/swapgs barriers and __user pointer sanitization
[    0.004000] Spectre V2 : Spectre mitigation: LFENCE not serializing, switching to generic retpoline
[    0.004000] Spectre V2 : Mitigation: Full generic retpoline
[    0.004000] Spectre V2 : Spectre v2 / SpectreRSB mitigation: Filling RSB on context switch
[    0.004000] Speculative Store Bypass: Mitigation: Speculative Store Bypass disabled via prctl and seccomp
[    0.004000] Freeing SMP alternatives memory: 36K
[    0.128053] APIC calibration not consistent with PM-Timer: 124ms instead of 100ms
[    0.129004] APIC delta adjusted to PM-Timer: 6446864 (8004415)
[    0.129722] smpboot: CPU0: AMD Ryzen 7 4800HS with Radeon Graphics (family: 0x17, model: 0x60, stepping: 0x1)
[    0.131095] Performance Events: PMU not available due to virtualization, using software events only.
[    0.132000] Hierarchical SRCU implementation.
[    0.132000] NMI watchdog: Perf event create on CPU 0 failed with -2
[    0.132004] NMI watchdog: Perf NMI watchdog permanently disabled
[    0.132795] smp: Bringing up secondary CPUs ...
[    0.136080] x86: Booting SMP configuration:
[    0.136956] .... node  #0, CPUs:      #1
[    0.004000] kvm-clock: cpu 1, msr 1:1ff50041, secondary cpu clock
[    0.142822] TSC synchronization [CPU#0 -> CPU#1]:
[    0.143441] Measured 4684 cycles TSC warp between CPUs, turning off TSC clock.
[    0.144000] tsc: Marking TSC unstable due to check_tsc_sync_source failed
[    0.144018] smp: Brought up 1 node, 2 CPUs
[    0.144551] smpboot: Max logical packages: 1
[    0.145105] smpboot: Total of 2 processors activated (11578.24 BogoMIPS)
[    0.146019] devtmpfs: initialized
[    0.146019] x86/mm: Memory block size: 128MB
[    0.148216] evm: security.selinux
[    0.148644] evm: security.SMACK64
[    0.149147] evm: security.SMACK64EXEC
[    0.149613] evm: security.SMACK64TRANSMUTE
[    0.150136] evm: security.SMACK64MMAP
[    0.150597] evm: security.apparmor
[    0.151045] evm: security.ima
[    0.151444] evm: security.capability
[    0.152067] clocksource: jiffies: mask: 0xffffffff max_cycles: 0xffffffff, max_idle_ns: 7645041785100000 ns
[    0.152067] futex hash table entries: 512 (order: 3, 32768 bytes)
[    0.152797] pinctrl core: initialized pinctrl subsystem
[    0.153542] RTC time:  2:16:27, date: 10/12/21
[    0.156176] NET: Registered protocol family 16
[    0.156832] audit: initializing netlink subsys (disabled)
[    0.157519] audit: type=2000 audit(1634004992.672:1): state=initialized audit_enabled=0 res=1
[    0.160018] cpuidle: using governor ladder
[    0.160549] cpuidle: using governor menu
[    0.160549] ACPI: bus type PCI registered
[    0.161251] acpiphp: ACPI Hot Plug PCI Controller Driver version: 0.5
[    0.162125] PCI: Using configuration type 1 for base access
[    0.162847] PCI: Using configuration type 1 for extended access
[    0.164602] HugeTLB registered 2.00 MiB page size, pre-allocated 0 pages
[    0.164814] ACPI: Added _OSI(Module Device)
[    0.164814] ACPI: Added _OSI(Processor Device)
[    0.168003] ACPI: Added _OSI(3.0 _SCP Extensions)
[    0.168617] ACPI: Added _OSI(Processor Aggregator Device)
[    0.169261] ACPI: Added _OSI(Linux-Dell-Video)
[    0.170358] ACPI: Added _OSI(Linux-Lenovo-NV-HDMI-Audio)
[    0.170984] ACPI: Added _OSI(Linux-HPI-Hybrid-Graphics)
[    0.171813] ACPI: Executed 1 blocks of module-level executable AML code
[    0.174091] ACPI: Interpreter enabled
[    0.174597] ACPI: (supports S0 S5)
[    0.175061] ACPI: Using IOAPIC for interrupt routing
[    0.175802] PCI: Using host bridge windows from ACPI; if necessary, use "pci=nocrs" and report a bug
[    0.176123] ACPI: Enabled 2 GPEs in block 00 to 07
[    0.180913] ACPI: PCI Root Bridge [PCI0] (domain 0000 [bus 00-ff])
[    0.181715] acpi PNP0A03:00: _OSC: OS supports [ExtendedConfig ASPM ClockPM Segments MSI]
[    0.183427] acpi PNP0A03:00: _OSC: platform does not support [PCIeCapability]
[    0.184000] acpi PNP0A03:00: _OSC: not requesting control; platform does not support [PCIeCapability]
[    0.184004] acpi PNP0A03:00: _OSC: OS requested [PCIeHotplug PME AER PCIeCapability]
[    0.184915] acpi PNP0A03:00: _OSC: platform willing to grant [PCIeHotplug PME AER]
[    0.185823] acpi PNP0A03:00: _OSC failed (AE_SUPPORT); disabling ASPM
[    0.186811] PCI host bridge to bus 0000:00
[    0.188002] pci_bus 0000:00: root bus resource [io  0x0000-0x0cf7 window]
[    0.188782] pci_bus 0000:00: root bus resource [io  0x0d00-0xffff window]
[    0.189546] pci_bus 0000:00: root bus resource [mem 0x000a0000-0x000bffff window]
[    0.190432] pci_bus 0000:00: root bus resource [mem 0xe0000000-0xfdffffff window]
[    0.191350] pci_bus 0000:00: root bus resource [bus 00-ff]
[    0.193436] pci 0000:00:01.1: legacy IDE quirk: reg 0x10: [io  0x01f0-0x01f7]
[    0.194252] pci 0000:00:01.1: legacy IDE quirk: reg 0x14: [io  0x03f6]
[    0.195043] pci 0000:00:01.1: legacy IDE quirk: reg 0x18: [io  0x0170-0x0177]
[    0.196002] pci 0000:00:01.1: legacy IDE quirk: reg 0x1c: [io  0x0376]
[    0.226914] pci 0000:00:07.0: quirk: [io  0x4000-0x403f] claimed by PIIX4 ACPI
[    0.227899] pci 0000:00:07.0: quirk: [io  0x4100-0x410f] claimed by PIIX4 SMB
[    0.250022] ACPI: PCI Interrupt Link [LNKA] (IRQs 5 9 10 *11)
[    0.251000] ACPI: PCI Interrupt Link [LNKB] (IRQs 5 9 *10 11)
[    0.251774] ACPI: PCI Interrupt Link [LNKC] (IRQs 5 *9 10 11)
[    0.252072] ACPI: PCI Interrupt Link [LNKD] (IRQs 5 9 10 *11)
[    0.252961] SCSI subsystem initialized
[    0.253463] pci 0000:00:02.0: vgaarb: setting as boot VGA device
[    0.253463] pci 0000:00:02.0: vgaarb: VGA device added: decodes=io+mem,owns=io+mem,locks=none
[    0.254464] pci 0000:00:02.0: vgaarb: bridge control possible
[    0.256013] vgaarb: loaded
[    0.256413] ACPI: bus type USB registered
[    0.256947] usbcore: registered new interface driver usbfs
[    0.257631] usbcore: registered new interface driver hub
[    0.258296] usbcore: registered new device driver usb
[    0.260029] EDAC MC: Ver: 3.0.0
[    0.260992] PCI: Using ACPI for IRQ routing
[    0.260992] NetLabel: Initializing
[    0.264008] NetLabel:  domain hash size = 128
[    0.264583] NetLabel:  protocols = UNLABELED CIPSOv4 CALIPSO
[    0.265267] NetLabel:  unlabeled traffic allowed by default
[    0.268069] clocksource: Switched to clocksource kvm-clock
[    0.295939] VFS: Disk quotas dquot_6.6.0
[    0.296518] VFS: Dquot-cache hash table entries: 512 (order 0, 4096 bytes)
[    0.297344] AppArmor: AppArmor Filesystem Enabled
[    0.297983] pnp: PnP ACPI init
[    0.299209] pnp: PnP ACPI: found 3 devices
[    0.308988] clocksource: acpi_pm: mask: 0xffffff max_cycles: 0xffffff, max_idle_ns: 2085701024 ns
[    0.310181] NET: Registered protocol family 2
[    0.310766] IP idents hash table entries: 65536 (order: 7, 524288 bytes)
[    0.311852] TCP established hash table entries: 32768 (order: 6, 262144 bytes)
[    0.312852] TCP bind hash table entries: 32768 (order: 7, 524288 bytes)
[    0.313705] TCP: Hash tables configured (established 32768 bind 32768)
[    0.316810] UDP hash table entries: 2048 (order: 4, 65536 bytes)
[    0.321877] UDP-Lite hash table entries: 2048 (order: 4, 65536 bytes)
[    0.322740] NET: Registered protocol family 1
[    0.323329] pci 0000:00:00.0: Limiting direct PCI/PCI transfers
[    0.324093] pci 0000:00:01.0: Activating ISA DMA hang workarounds
[    0.324943] pci 0000:00:02.0: Video device with shadowed ROM at [mem 0x000c0000-0x000dffff]
[    0.326079] Unpacking initramfs...
[    0.791687] Freeing initrd memory: 20384K
[    0.792360] PCI-DMA: Using software bounce buffering for IO (SWIOTLB)
[    0.793108] software IO TLB: mapped [mem 0xdbff0000-0xdfff0000] (64MB)
[    0.793956] clocksource: tsc: mask: 0xffffffffffffffff max_cycles: 0x29b931f2070, max_idle_ns: 440795319138 ns
[    0.795218] platform rtc_cmos: registered platform RTC device (no PNP device found)
[    0.796259] Scanning for low memory corruption every 60 seconds
[    0.798052] Initialise system trusted keyrings
[    0.799143] Key type blacklist registered
[    0.799812] workingset: timestamp_bits=36 max_order=20 bucket_order=0
[    0.801269] zbud: loaded
[    0.802019] squashfs: version 4.0 (2009/01/31) Phillip Lougher
[    0.802978] fuse init (API version 7.26)
[    0.808069] Key type asymmetric registered
[    0.808598] Asymmetric key parser 'x509' registered
[    0.809215] Block layer SCSI generic (bsg) driver version 0.4 loaded (major 246)
[    0.810301] io scheduler noop registered
[    0.810818] io scheduler deadline registered
[    0.811353] io scheduler cfq registered (default)
[    0.812223] ACPI: AC Adapter [AC] (on-line)
[    0.812816] input: Power Button as /devices/LNXSYSTM:00/LNXPWRBN:00/input/input0
[    0.813869] ACPI: Power Button [PWRF]
[    0.814389] input: Sleep Button as /devices/LNXSYSTM:00/LNXSLPBN:00/input/input1
[    0.815288] ACPI: Sleep Button [SLPF]
[    0.816425] ACPI: Battery Slot [BAT0] (battery present)
[    0.817390] Serial: 8250/16550 driver, 32 ports, IRQ sharing enabled
[    0.839046] 00:02: ttyS0 at I/O 0x3f8 (irq = 4, base_baud = 115200) is a 16550A
[    0.843039] Linux agpgart interface v0.103
[    0.855077] loop: module loaded
[    0.856622] scsi host0: ata_piix
[    0.857188] scsi host1: ata_piix
[    0.857682] ata1: PATA max UDMA/33 cmd 0x1f0 ctl 0x3f6 bmdma 0xd000 irq 14
[    0.858519] ata2: PATA max UDMA/33 cmd 0x170 ctl 0x376 bmdma 0xd008 irq 15
[    0.859447] libphy: Fixed MDIO Bus: probed
[    0.860041] tun: Universal TUN/TAP device driver, 1.6
[    0.860753] PPP generic driver version 2.4.2
[    0.861367] ehci_hcd: USB 2.0 'Enhanced' Host Controller (EHCI) Driver
[    0.862178] ehci-pci: EHCI PCI platform driver
[    0.862750] ehci-platform: EHCI generic platform driver
[    0.863423] ohci_hcd: USB 1.1 'Open' Host Controller (OHCI) Driver
[    0.864186] ohci-pci: OHCI PCI platform driver
[    0.864778] ohci-platform: OHCI generic platform driver
[    0.865437] uhci_hcd: USB Universal Host Controller Interface driver
[    0.866246] i8042: PNP: PS/2 Controller [PNP0303:PS2K,PNP0f03:PS2M] at 0x60,0x64 irq 1,12
[    0.867765] serio: i8042 KBD port at 0x60,0x64 irq 1
[    0.868429] serio: i8042 AUX port at 0x60,0x64 irq 12
[    0.869210] mousedev: PS/2 mouse device common for all mice
[    0.870195] input: AT Translated Set 2 keyboard as /devices/platform/i8042/serio0/input/input2
[    0.871622] rtc_cmos rtc_cmos: rtc core: registered rtc_cmos as rtc0
[    0.872454] rtc_cmos rtc_cmos: alarms up to one day, 114 bytes nvram
[    0.873262] i2c /dev entries driver
[    0.873748] device-mapper: uevent: version 1.0.3
[    0.874438] device-mapper: ioctl: 4.37.0-ioctl (2017-09-20) initialised: dm-devel@redhat.com
[    0.875526] ledtrig-cpu: registered to indicate activity on CPUs
[    0.876951] NET: Registered protocol family 10
[    0.880286] Segment Routing with IPv6
[    0.880832] NET: Registered protocol family 17
[    0.881513] Key type dns_resolver registered
[    0.882299] mce: Using 0 MCE banks
[    0.882742] RAS: Correctable Errors collector initialized.
[    0.883397] sched_clock: Marking stable (882277987, 0)->(1355930291, -473652304)
[    0.884662] registered taskstats version 1
[    0.885186] Loading compiled-in X.509 certificates
[    0.900260] Loaded X.509 cert 'Build time autogenerated kernel key: bf5768e0b2369bd53acb56866ca104cf5a2c379b'
[    0.901837] Loaded X.509 cert 'Canonical Ltd. Live Patch Signing: 14df34d1a87cf37625abec039ef2bf521249b969'
[    0.903505] Loaded X.509 cert 'Canonical Ltd. Kernel Module Signing: 88f752e560a1e0737e31163a466ad7b70a850c19'
[    0.904715] zswap: loaded using pool lzo/zbud
[    0.907709] Key type big_key registered
[    0.908229] Key type trusted registered
[    0.910058] Key type encrypted registered
[    0.910624] AppArmor: AppArmor sha1 policy hashing enabled
[    0.911310] ima: No TPM chip found, activating TPM-bypass! (rc=-19)
[    0.912128] ima: Allocated hash algorithm: sha1
[    0.912741] evm: HMAC attrs: 0x1
[    0.913351]   Magic number: 9:853:257
[    0.913948] rtc_cmos rtc_cmos: setting system clock to 2021-10-12 02:16:28 UTC (1634004988)
[    0.915197] BIOS EDD facility v0.16 2004-Jun-25, 0 devices found
[    0.916453] EDD information not available.
[    1.043396] Freeing unused kernel image memory: 2448K
[    1.056775] Write protecting the kernel read-only data: 20480k
[    1.059237] Freeing unused kernel image memory: 2008K
[    1.060085] Freeing unused kernel image memory: 1824K
[    1.066268] x86/mm: Checked W+X mappings: passed, no W+X pages found.
Loading, please wait...
starting version 237
[    1.143304] e1000: Intel(R) PRO/1000 Network Driver - version 7.3.21-k8-NAPI
[    1.144258] e1000: Copyright (c) 1999-2006 Intel Corporation.
[    1.145157] Fusion MPT base driver 3.04.20
[    1.145876] Copyright (c) 1999-2008 LSI Corporation
[    1.148890] Fusion MPT SPI Host driver 3.04.20
[    1.157868] AVX2 version of gcm_enc/dec engaged.
[    1.158495] AES CTR mode by8 optimization enabled
[    1.353837] input: ImExPS/2 Generic Explorer Mouse as /devices/platform/i8042/serio1/input/input4
[    1.516878] e1000 0000:00:03.0 eth0: (PCI:33MHz:32-bit) 02:82:2a:96:15:3b
[    1.517677] e1000 0000:00:03.0 eth0: Intel(R) PRO/1000 Network Connection
[    1.519181] mptbase: ioc0: Initiating bringup
[    2.389221] ioc0: LSI53C1030 A0: Capabilities={Initiator}
[    2.631149] scsi host2: ioc0: LSI53C1030 A0, FwRev=00000000h, Ports=1, MaxQ=256, IRQ=20
[    2.800903] scsi 2:0:0:0: Direct-Access     VBOX     HARDDISK         1.0  PQ: 0 ANSI: 5
[    2.856404] scsi target2:0:0: Beginning Domain Validation
[    2.860032] scsi target2:0:0: Domain Validation skipping write tests
[    2.860848] scsi target2:0:0: Ending Domain Validation
[    2.861616] scsi target2:0:0: asynchronous
[    2.862647] scsi 2:0:1:0: Direct-Access     VBOX     HARDDISK         1.0  PQ: 0 ANSI: 5
[    3.143632] scsi target2:0:1: Beginning Domain Validation
[    3.147604] random: fast init done
[    3.148283] scsi target2:0:1: Domain Validation skipping write tests
[    3.149135] scsi target2:0:1: Ending Domain Validation
[    3.149919] scsi target2:0:1: asynchronous
[    3.154284] random: systemd-udevd: uninitialized urandom read (16 bytes read)
[    3.154319] sd 2:0:0:0: Attached scsi generic sg0 type 0
[    3.155166] random: systemd-udevd: uninitialized urandom read (16 bytes read)
[    3.155932] sd 2:0:1:0: Attached scsi generic sg1 type 0
[    3.156776] random: systemd-udevd: uninitialized urandom read (16 bytes read)
[    3.158468] sd 2:0:0:0: [sda] 83886080 512-byte logical blocks: (42.9 GB/40.0 GiB)
[    3.159594] sd 2:0:0:0: [sda] Write Protect is off
[    3.159624] sd 2:0:1:0: [sdb] 20480 512-byte logical blocks: (10.5 MB/10.0 MiB)
[    3.161294] sd 2:0:0:0: [sda] Incomplete mode parameter data
[    3.162035] sd 2:0:0:0: [sda] Assuming drive cache: write through
[    3.163821]  sda: sda1
[    3.164670] sd 2:0:0:0: [sda] Attached SCSI disk
[    3.172738] e1000 0000:00:08.0 eth1: (PCI:33MHz:32-bit) 08:00:27:85:b6:bf
[    3.173733] e1000 0000:00:08.0 eth1: Intel(R) PRO/1000 Network Connection
[    3.173776] sd 2:0:1:0: [sdb] Write Protect is off
[    3.175997] e1000 0000:00:08.0 enp0s8: renamed from eth1
[    3.176848] sd 2:0:1:0: [sdb] Incomplete mode parameter data
[    3.177570] sd 2:0:1:0: [sdb] Assuming drive cache: write through
[    3.181363] sd 2:0:1:0: [sdb] Attached SCSI disk
[    3.192380] e1000 0000:00:03.0 enp0s3: renamed from eth0
Begin: Loading essential drivers ... [    4.588017] raid6: sse2x1   gen()  8553 MB/s
[    4.636019] raid6: sse2x1   xor()  8200 MB/s
[    4.684664] raid6: sse2x2   gen() 16024 MB/s
[    4.732541] raid6: sse2x2   xor() 11347 MB/s
[    4.780465] raid6: sse2x4   gen() 18371 MB/s
[    4.828312] raid6: sse2x4   xor() 10350 MB/s
[    4.876196] raid6: avx2x1   gen() 19801 MB/s
[    4.938683] raid6: avx2x1   xor() 21448 MB/s
[    4.984017] raid6: avx2x2   gen() 35155 MB/s
[    5.032136] raid6: avx2x2   xor() 21591 MB/s
[    5.080403] raid6: avx2x4   gen() 37170 MB/s
[    5.128299] raid6: avx2x4   xor() 17836 MB/s
[    5.128877] raid6: using algorithm avx2x4 gen() 37170 MB/s
[    5.129561] raid6: .... xor() 17836 MB/s, rmw enabled
[    5.130232] raid6: using avx2x2 recovery algorithm
[    5.132366] xor: automatically using best checksumming function   avx       
[    5.134639] async_tx: api initialized (async)
done.
Begin: Running /scripts/init-premount ... done.
Begin: Mounting root file system ... Begin: Running /scripts/local-top ... done.
Begin: Running /scripts/local-premount ... [    5.180464] Btrfs loaded, crc32c=crc32c-intel
Scanning for Btrfs filesystems
done.
Begin: Will now check root file system ... fsck from util-linux 2.31.1
[/sbin/fsck.ext4 (1) -- /dev/sda1] fsck.ext4 -a -C0 /dev/sda1 
cloudimg-rootfs: recovering journal
cloudimg-rootfs: Clearing orphaned inode 63651 (uid=0, gid=0, mode=0100644, size=224)
cloudimg-rootfs: clean, 175369/5120000 files, 1978391/10485499 blocks
done.
[    5.349132] EXT4-fs (sda1): mounted filesystem with ordered data mode. Opts: (null)
done.
Begin: Running /scripts/local-bottom ... done.
Begin: Running /scripts/init-bottom ... done.
[    5.541753] ip_tables: (C) 2000-2006 Netfilter Core Team
[    5.554253] systemd[1]: systemd 237 running in system mode. (+PAM +AUDIT +SELINUX +IMA +APPARMOR +SMACK +SYSVINIT +UTMP +LIBCRYPTSETUP +GCRYPT +GNUTLS +ACL +XZ +LZ4 +SECCOMP +BLKID +ELFUTILS +KMOD -IDN2 +IDN -PCRE2 default-hierarchy=hybrid)
[    5.556718] systemd[1]: Detected virtualization oracle.
[    5.557350] systemd[1]: Detected architecture x86-64.

Welcome to [1mUbuntu 18.04.5 LTS[0m!

[    5.562630] systemd[1]: Set hostname to <gitlab>.
[    5.934795] systemd[1]: Created slice System Slice.
[[0;32m  OK  [0m] Created slice System Slice.
[    5.936223] systemd[1]: Listening on udev Control Socket.
[[0;32m  OK  [0m] Listening on udev Control Socket.
[    5.938022] systemd[1]: Listening on udev Kernel Socket.
[[0;32m  OK  [0m] Listening on udev Kernel Socket.
[    5.939344] systemd[1]: Listening on Journal Socket (/dev/log).
[[0;32m  OK  [0m] Listening on Journal Socket (/dev/log).
[    5.940944] systemd[1]: Listening on Journal Audit Socket.
[[0;32m  OK  [0m] Listening on Journal Audit Socket.
[    5.942292] systemd[1]: Created slice system-serial\x2dgetty.slice.
[[0;32m  OK  [0m] Created slice system-serial\x2dgetty.slice.
[[0;32m  OK  [0m] Listening on LVM2 metadata daemon socket.
[[0;32m  OK  [0m] Started Forward Password Requests to Wall Directory Watch.
[[0;32m  OK  [0m] Set up automount Arbitrary Executab…rmats File System Automount Point.
[[0;32m  OK  [0m] Listening on Syslog Socket.
[[0;32m  OK  [0m] Listening on Network Service Netlink Socket.
[[0;32m  OK  [0m] Created slice User and Session Slice.
[[0;32m  OK  [0m] Reached target Slices.
[[0;32m  OK  [0m] Reached target Swap.
[[0;32m  OK  [0m] Listening on fsck to fsckd communication Socket.
[[0;32m  OK  [0m] Listening on /dev/initctl Compatibility Named Pipe.
[[0;32m  OK  [0m] Created slice system-postfix.slice.
[[0;32m  OK  [0m] Listening on Journal Socket.
         Mounting Kernel Debug File System...
         Starting Create list of required st…ce nodes for the current kernel...
         Starting Set the console keyboard layout...
         Mounting Huge Pages File System...
         Starting Uncomplicated firewall...
         Starting Journal Service...
         Starting udev Coldplug all Devices...
         Starting Load Kernel Modules...
         Mounting POSIX Message Queue File System...
[[0;32m  OK  [0m] Listening on Device-mapper event daemon FIFOs.
         Starting Monitoring of LVM2 mirrors…ng dmeventd or progress polling...
[[0;32m  OK  [0m] Reached target System Time Synchronized.
[[0;32m  OK  [0m] Listening on LVM2 poll daemon socket.
         Starting Remount Root and Kernel File Systems...
[[0;32m  OK  [0m] Reached target User and Group Name Lookups.
[[0;32m  OK  [0m] Mounted Kernel Debug File System.
[[0;32m  OK  [0m] Started Create list of required sta…vice nodes for the current kernel.
[[0;32m  OK  [0m] Mounted Huge Pages File System.
[[0;32m  OK  [0m] Started Uncomplicated firewall.
[[0;32m  OK  [0m] Mounted POSIX Message Queue File System.
         Starting Create Static Device Nodes in /dev...
[    6.072535] Loading iSCSI transport class v2.0-870.
[[0;32m  OK  [0m] Started Journal Service.
[[0;32m  OK  [0m] Started udev Coldplug all Devices.
[[0;32m  OK  [0m] Started LVM2 metadata daemon.
[[0;32m  OK  [0m] Started Create Static Device Nodes in /dev.
[    6.145839] iscsi: registered transport (tcp)
[    6.188866] EXT4-fs (sda1): re-mounted. Opts: (null)
[[0;32m  OK  [0m] Started Remount Root and Kernel File Systems.
         Starting Load/Save Random Seed...
[    6.198702] iscsi: registered transport (iser)
         Starting udev Kernel Device Manager...
         Starting Flush Journal to Persistent Storage...
[[0;32m  OK  [0m] Started Load Kernel Modules.
[[0;32m  OK  [0m] Started Monitoring of LVM2 mirrors,…sing dmeventd or progress polling.
[[0;32m  OK  [0m] Started Load/Save Random Seed.
         Starting Apply Kernel Variables...
         Mounting FUSE Control File System...
         Mounting Kernel Configuration File System...
[[0;32m  OK  [0m] Mounted FUSE Control File System.
[[0;32m  OK  [0m] Mounted Kernel Configuration File System.
[    6.257443] systemd-journald[430]: Received request to flush runtime journal from PID 1
[[0;32m  OK  [0m] Started udev Kernel Device Manager.
[[0;32m  OK  [0m] Started Set the console keyboard layout.
[[0;32m  OK  [0m] Reached target Local File Systems (Pre).
[[0;32m  OK  [0m] Reached target Local File Systems.
         Starting Tell Plymouth To Write Out Runtime Data...
         Starting ebtables ruleset management...
         Starting Set console font and keymap...
         Starting AppArmor initialization...
[[0;32m  OK  [0m] Started Dispatch Password Requests to Console Directory Watch.
[[0;32m  OK  [0m] Reached target Local Encrypted Volumes.
[[0;32m  OK  [0m] Started Apply Kernel Variables.
[[0;32m  OK  [0m] Started Tell Plymouth To Write Out Runtime Data.
[[0;32m  OK  [0m] Started Set console font and keymap.
[[0;32m  OK  [0m] Found device /dev/ttyS0.
[[0;32m  OK  [0m] Listening on Load/Save RF Kill Switch Status /dev/rfkill Watch.
[[0;32m  OK  [0m] Started ebtables ruleset management.
[[0;32m  OK  [0m] Started Flush Journal to Persistent Storage.
         Starting Create Volatile Files and Directories...
[[0;32m  OK  [0m] Started Create Volatile Files and Directories.
         Starting Update UTMP about System Boot/Shutdown...
[[0;32m  OK  [0m] Started Update UTMP about System Boot/Shutdown.
[[0;32m  OK  [0m] Started AppArmor initialization.
         Starting Initial cloud-init job (pre-networking)...
         Starting Load AppArmor profiles managed internally by snapd...
[[0;32m  OK  [0m] Started Load AppArmor profiles managed internally by snapd.
[    8.669296] cloud-init[635]: Cloud-init v. 21.2-3-g899bfaa9-0ubuntu2~18.04.1 running 'init-local' at Tue, 12 Oct 2021 02:16:36 +0000. Up 8.46 seconds.
[[0;32m  OK  [0m] Started Initial cloud-init job (pre-networking).
[[0;32m  OK  [0m] Reached target Network (Pre).
         Starting Network Service...
[[0;32m  OK  [0m] Started Network Service.
         Starting Wait for Network to be Configured...
         Starting Network Name Resolution...
[[0;32m  OK  [0m] Started Network Name Resolution.
[[0;32m  OK  [0m] Reached target Host and Network Name Lookups.
[[0;32m  OK  [0m] Reached target Network.
[[0;32m  OK  [0m] Started Wait for Network to be Configured.
         Starting Initial cloud-init job (metadata service crawler)...
[   11.209385] cloud-init[762]: Cloud-init v. 21.2-3-g899bfaa9-0ubuntu2~18.04.1 running 'init' at Tue, 12 Oct 2021 02:16:38 +0000. Up 11.04 seconds.
[   11.211684] cloud-init[762]: ci-info: ++++++++++++++++++++++++++++++++++++++Net device info+++++++++++++++++++++++++++++++++++++++
[   11.213484] cloud-init[762]: ci-info: +--------+------+-----------------------------+---------------+--------+-------------------+
[   11.214388] cloud-init[762]: ci-info: | Device |  Up  |           Address           |      Mask     | Scope  |     Hw-Address    |
[   11.215043] cloud-init[762]: ci-info: +--------+------+-----------------------------+---------------+--------+-------------------+
[   11.215830] cloud-init[762]: ci-info: | enp0s3 | True |          10.0.2.15          | 255.255.255.0 | global | 02:82:2a:96:15:3b |
[   11.216678] cloud-init[762]: ci-info: | enp0s3 | True |  fe80::82:2aff:fe96:153b/64 |       .       |  link  | 02:82:2a:96:15:3b |
[   11.217457] cloud-init[762]: ci-info: | enp0s8 | True |        192.168.0.234        | 255.255.255.0 | global | 08:00:27:85:b6:bf |
[   11.218138] cloud-init[762]: ci-info: | enp0s8 | True | fe80::a00:27ff:fe85:b6bf/64 |       .       |  link  | 08:00:27:85:b6:bf |
[   11.218900] cloud-init[762]: ci-info: |   lo   | True |          127.0.0.1          |   255.0.0.0   |  host  |         .         |
[   11.219704] cloud-init[762]: ci-info: |   lo   | True |           ::1/128           |       .       |  host  |         .         |
[   11.220609] cloud-init[762]: ci-info: +--------+------+-----------------------------+---------------+--------+-------------------+
[   11.221513] cloud-init[762]: ci-info: ++++++++++++++++++++++++++++Route IPv4 info+++++++++++++++++++++++++++++
[   11.222214] cloud-init[762]: ci-info: +-------+-------------+----------+-----------------+-----------+-------+
[   11.222875] cloud-init[762]: ci-info: | Route | Destination | Gateway  |     Genmask     | Interface | Flags |
[   11.224001] cloud-init[762]: ci-info: +-------+-------------+----------+-----------------+-----------+-------+
[   11.224773] cloud-init[762]: ci-info: |   0   |   0.0.0.0   | 10.0.2.2 |     0.0.0.0     |   enp0s3  |   UG  |
[   11.225857] cloud-init[762]: ci-info: |   1   |   10.0.2.0  | 0.0.0.0  |  255.255.255.0  |   enp0s3  |   U   |
[   11.226542] cloud-init[762]: ci-info: |   2   |   10.0.2.2  | 0.0.0.0  | 255.255.255.255 |   enp0s3  |   UH  |
[   11.227197] cloud-init[762]: ci-info: |   3   | 192.168.0.0 | 0.0.0.0  |  255.255.255.0  |   enp0s8  |   U   |
[   11.227841] cloud-init[762]: ci-info: +-------+-------------+----------+-----------------+-----------+-------+
[   11.228490] cloud-init[762]: ci-info: +++++++++++++++++++Route IPv6 info+++++++++++++++++++
[   11.229073] cloud-init[762]: ci-info: +-------+-------------+---------+-----------+-------+
[   11.240273] cloud-init[762]: ci-info: | Route | Destination | Gateway | Interface | Flags |
[   11.242057] cloud-init[762]: ci-info: +-------+-------------+---------+-----------+-------+
[   11.242630] cloud-init[762]: ci-info: |   1   |  fe80::/64  |    ::   |   enp0s8  |   U   |
[   11.243395] cloud-init[762]: ci-info: |   2   |  fe80::/64  |    ::   |   enp0s3  |   U   |
[   11.244037] cloud-init[762]: ci-info: |   4   |    local    |    ::   |   enp0s3  |   U   |
[   11.244641] cloud-init[762]: ci-info: |   5   |    local    |    ::   |   enp0s8  |   U   |
[   11.245559] cloud-init[762]: ci-info: |   6   |   ff00::/8  |    ::   |   enp0s8  |   U   |
[   11.246157] cloud-init[762]: ci-info: |   7   |   ff00::/8  |    ::   |   enp0s3  |   U   |
[   11.246766] cloud-init[762]: ci-info: +-------+-------------+---------+-----------+-------+
[[0;32m  OK  [0m] Started Initial cloud-init job (metadata service crawler).
[[0;32m  OK  [0m] Reached target System Initialization.
[[0;32m  OK  [0m] Started Daily apt download activities.
[[0;32m  OK  [0m] Started Daily Cleanup of Temporary Directories.
[[0;32m  OK  [0m] Listening on D-Bus System Message Bus Socket.
         Starting LXD - unix socket.
[[0;32m  OK  [0m] Listening on Open-iSCSI iscsid Socket.
[[0;32m  OK  [0m] Listening on UUID daemon activation socket.
[[0;32m  OK  [0m] Listening on ACPID Listen Socket.
         Starting Socket activation for snappy daemon.
[[0;32m  OK  [0m] Started Message of the Day.
[[0;32m  OK  [0m] Started Ubuntu Advantage update messaging.
[[0;32m  OK  [0m] Started Discard unused blocks once a week.
[[0;32m  OK  [0m] Started Daily apt upgrade and clean activities.
[[0;32m  OK  [0m] Reached target Timers.
[[0;32m  OK  [0m] Started ACPI Events Check.
[[0;32m  OK  [0m] Reached target Paths.
[[0;32m  OK  [0m] Reached target Cloud-config availability.
[[0;32m  OK  [0m] Reached target Network is Online.
         Starting Availability of block devices...
[[0;32m  OK  [0m] Reached target Remote File Systems (Pre).
[[0;32m  OK  [0m] Reached target Remote File Systems.
[[0;32m  OK  [0m] Listening on LXD - unix socket.
[[0;32m  OK  [0m] Listening on Socket activation for snappy daemon.
[[0;32m  OK  [0m] Started Availability of block devices.
[[0;32m  OK  [0m] Reached target Sockets.
[[0;32m  OK  [0m] Reached target Basic System.
         Starting Ubuntu Advantage APT and MOTD Messages...
         Starting Postfix Mail Transport Agent (instance -)...
         Starting System Logging Service...
[[0;32m  OK  [0m] Started irqbalance daemon.
[[0;32m  OK  [0m] Started Deferred execution scheduler.
         Starting Discard unused blocks...
         Starting Permit User Sessions...
         Starting LSB: automatic crash report generation...
         Starting LSB: Record successful boot for GRUB...
         Starting Dispatcher daemon for systemd-networkd...
[[0;32m  OK  [0m] Started Regular background program processing daemon.
         Starting Login Service...
         Starting Message of the Day...
         Starting LXD - container startup/shutdown...
[[0;32m  OK  [0m] Started FUSE filesystem for LXC.
         Starting OpenBSD Secure Shell server...
         Starting Snap Daemon...
[[0;32m  OK  [0m] Started D-Bus System Message Bus.
[[0;32m  OK  [0m] Started Login Service.
[[0;32m  OK  [0m] Started Unattended Upgrades Shutdown.
         Starting Accounts Service...
         Starting Virtualbox guest utils...
[[0;32m  OK  [0m] Started System Logging Service.
[[0;32m  OK  [0m] Started Discard unused blocks.
[[0;32m  OK  [0m] Started Permit User Sessions.
[[0;32m  OK  [0m] Started LXD - container startup/shutdown.
         Starting Terminate Plymouth Boot Screen...
         Starting Hold until boot process finishes up...
[[0;32m  OK  [0m] Started Hold until boot process finishes up.
[[0;32m  OK  [0m] Started Serial Getty on ttyS0.
         Starting Set console scheme...
[[0;32m  OK  [0m] Started OpenBSD Secure Shell server.
[[0;32m  OK  [0m] Started Terminate Plymouth Boot Screen.
[[0;32m  OK  [0m] Started LSB: automatic crash report generation.
[[0;32m  OK  [0m] Started Dispatcher daemon for systemd-networkd.
[[0;32m  OK  [0m] Started Set console scheme.
[[0;32m  OK  [0m] Created slice system-getty.slice.
[[0;32m  OK  [0m] Started Getty on tty1.
[[0;32m  OK  [0m] Reached target Login Prompts.
         Starting Authorization Manager...
[[0;32m  OK  [0m] Started Authorization Manager.
[[0;32m  OK  [0m] Started Accounts Service.
[[0;32m  OK  [0m] Started LSB: Record successful boot for GRUB.
[[0;32m  OK  [0m] Created slice User Slice of vagrant.
[[0;32m  OK  [0m] Started Virtualbox guest utils.
         Starting User Manager for UID 1000...
[[0;32m  OK  [0m] Started Session 1 of user vagrant.
[[0;32m  OK  [0m] Started Snap Daemon.
         Starting Wait until snapd is fully seeded...
[[0;32m  OK  [0m] Started Wait until snapd is fully seeded.
         Starting Apply the settings specified in cloud-config...
[[0;32m  OK  [0m] Started Ubuntu Advantage APT and MOTD Messages.
[[0;32m  OK  [0m] Started User Manager for UID 1000.
[[0;32m  OK  [0m] Started Postfix Mail Transport Agent (instance -).
         Starting Postfix Mail Transport Agent...
[[0;32m  OK  [0m] Started Postfix Mail Transport Agent.
[[0;32m  OK  [0m] Reached target Multi-User System.
[[0;32m  OK  [0m] Started GitLab Runit supervision process.
[[0;32m  OK  [0m] Reached target Graphical Interface.
         Starting Update UTMP about System Runlevel Changes...
[[0;32m  OK  [0m] Started Update UTMP about System Runlevel Changes.
[   13.770109] cloud-init[1423]: Cloud-init v. 21.2-3-g899bfaa9-0ubuntu2~18.04.1 running 'modules:config' at Tue, 12 Oct 2021 02:16:41 +0000. Up 13.66 seconds.
[[0;32m  OK  [0m] Started Apply the settings specified in cloud-config.
         Starting Execute cloud user/final scripts...
[   14.314189] cloud-init[1592]: Cloud-init v. 21.2-3-g899bfaa9-0ubuntu2~18.04.1 running 'modules:final' at Tue, 12 Oct 2021 02:16:41 +0000. Up 14.19 seconds.
[   14.334351] cloud-init[1592]: Cloud-init v. 21.2-3-g899bfaa9-0ubuntu2~18.04.1 finished at Tue, 12 Oct 2021 02:16:41 +0000. Datasource DataSourceNoCloud [seed=/dev/sdb][dsmode=net].  Up 14.30 seconds
[[0;32m  OK  [0m] Started Execute cloud user/final scripts.
[[0;32m  OK  [0m] Reached target Cloud-init target.
         Starting Daily apt download activities...
[[0;32m  OK  [0m] Started Message of the Day.

Ubuntu 18.04.5 LTS gitlab ttyS0

gitlab login: 